0 info it worked if it ends with ok
1 verbose cli [ '/home/ubuntu/.nvm/versions/node/v4.7.3/bin/node',
1 verbose cli   '/home/ubuntu/.nvm/versions/node/v4.7.3/bin/npm',
1 verbose cli   'start' ]
2 info using npm@2.15.11
3 info using node@v4.7.3
4 verbose run-script [ 'prestart', 'start', 'poststart' ]
5 info prestart OpenShift-Sample-App@1.0.0
6 info start OpenShift-Sample-App@1.0.0
7 verbose unsafe-perm in lifecycle true
8 info OpenShift-Sample-App@1.0.0 Failed to exec start script
9 verbose stack Error: OpenShift-Sample-App@1.0.0 start: `nodejs server.js`
9 verbose stack spawn ENOENT
9 verbose stack     at ChildProcess.<anonymous> (/home/ubuntu/.nvm/versions/node/v4.7.3/lib/node_modules/npm/lib/utils/spawn.js:17:16)
9 verbose stack     at emitTwo (events.js:87:13)
9 verbose stack     at ChildProcess.emit (events.js:172:7)
9 verbose stack     at maybeClose (internal/child_process.js:854:16)
9 verbose stack     at Process.ChildProcess._handle.onexit (internal/child_process.js:222:5)
10 verbose pkgid OpenShift-Sample-App@1.0.0
11 verbose cwd /home/ubuntu/workspace
12 error Linux 4.8.8-c9
13 error argv "/home/ubuntu/.nvm/versions/node/v4.7.3/bin/node" "/home/ubuntu/.nvm/versions/node/v4.7.3/bin/npm" "start"
14 error node v4.7.3
15 error npm  v2.15.11
16 error file sh
17 error code ELIFECYCLE
18 error errno ENOENT
19 error syscall spawn
20 error OpenShift-Sample-App@1.0.0 start: `nodejs server.js`
20 error spawn ENOENT
21 error Failed at the OpenShift-Sample-App@1.0.0 start script 'nodejs server.js'.
21 error This is most likely a problem with the OpenShift-Sample-App package,
21 error not with npm itself.
21 error Tell the author that this fails on your system:
21 error     nodejs server.js
21 error You can get information on how to open an issue for this project with:
21 error     npm bugs OpenShift-Sample-App
21 error Or if that isn't available, you can get their info via:
21 error
21 error     npm owner ls OpenShift-Sample-App
21 error There is likely additional logging output above.
22 verbose exit [ 1, true ]
